<?xml version="1.0" encoding="UTF-8"?>
<!-- Generated by org.testng.reporters.JUnitReportReporter -->
<testsuite hostname="LAPTOP-IO7O6G3K" failures="0" tests="3" name="test.LoginPageTest" time="4.925" errors="0" timestamp="2022-08-27T09:43:22 IST" skipped="0">
  <testcase classname="test.LoginPageTest" name="data" time="2.236"/>
  <system-out/>
  <testcase classname="test.LoginPageTest" name="data" time="1.342"/>
  <system-out/>
  <testcase classname="test.LoginPageTest" name="data" time="1.347"/>
  <system-out/>
</testsuite> <!-- test.LoginPageTest -->
