<?xml version="1.0" encoding="UTF-8"?>
<!-- Generated by org.testng.reporters.JUnitReportReporter -->
<testsuite hostname="LAPTOP-IO7O6G3K" failures="0" tests="1" name="test.HomePageTest" time="4.296" errors="0" timestamp="2022-08-19T09:46:10 IST" skipped="0">
  <testcase classname="test.HomePageTest" name="SearchStockAndClickOnBuy" time="4.296"/>
  <system-out/>
</testsuite> <!-- test.HomePageTest -->
